
> tripadvisor-crawler-apify-parser@0.0.1 start /home/mygetzu/projects/holly-crawler-parser-node
> ts-node -r tsconfig-paths/register src/main.ts

[32m[Nest] 20402   - [39m03/29/2020, 8:18:57 PM   [38;5;3m[NestFactory] [39m[32mStarting Nest application...[39m
[32m[Nest] 20402   - [39m03/29/2020, 8:18:58 PM   [38;5;3m[InstanceLoader] [39m[32mConfigModule dependencies initialized[39m[38;5;3m +214ms[39m
[32m[Nest] 20402   - [39m03/29/2020, 8:18:58 PM   [38;5;3m[InstanceLoader] [39m[32mTypeOrmModule dependencies initialized[39m[38;5;3m +1ms[39m
[32m[Nest] 20402   - [39m03/29/2020, 8:18:58 PM   [38;5;3m[InstanceLoader] [39m[32mScheduleModule dependencies initialized[39m[38;5;3m +0ms[39m
[32m[Nest] 20402   - [39m03/29/2020, 8:18:58 PM   [38;5;3m[InstanceLoader] [39m[32mDatabaseModule dependencies initialized[39m[38;5;3m +1ms[39m
[32m[Nest] 20402   - [39m03/29/2020, 8:18:58 PM   [38;5;3m[InstanceLoader] [39m[32mKafkaModule dependencies initialized[39m[38;5;3m +1ms[39m
[32m[Nest] 20402   - [39m03/29/2020, 8:18:58 PM   [38;5;3m[InstanceLoader] [39m[32mCustomConfigModule dependencies initialized[39m[38;5;3m +0ms[39m
[32m[Nest] 20402   - [39m03/29/2020, 8:18:58 PM   [38;5;3m[InstanceLoader] [39m[32mHttpModule dependencies initialized[39m[38;5;3m +1ms[39m
[32m[Nest] 20402   - [39m03/29/2020, 8:18:58 PM   [38;5;3m[InstanceLoader] [39m[32mHttpModule dependencies initialized[39m[38;5;3m +1ms[39m
[32m[Nest] 20402   - [39m03/29/2020, 8:18:58 PM   [38;5;3m[InstanceLoader] [39m[32mHttpModule dependencies initialized[39m[38;5;3m +0ms[39m
[32m[Nest] 20402   - [39m03/29/2020, 8:18:58 PM   [38;5;3m[InstanceLoader] [39m[32mApiModule dependencies initialized[39m[38;5;3m +1ms[39m
[32m[Nest] 20402   - [39m03/29/2020, 8:18:58 PM   [38;5;3m[InstanceLoader] [39m[32mTypeOrmCoreModule dependencies initialized[39m[38;5;3m +79ms[39m
[32m[Nest] 20402   - [39m03/29/2020, 8:18:58 PM   [38;5;3m[InstanceLoader] [39m[32mTypeOrmModule dependencies initialized[39m[38;5;3m +1ms[39m
[32m[Nest] 20402   - [39m03/29/2020, 8:18:58 PM   [38;5;3m[InstanceLoader] [39m[32mTypeOrmModule dependencies initialized[39m[38;5;3m +1ms[39m
[32m[Nest] 20402   - [39m03/29/2020, 8:18:58 PM   [38;5;3m[InstanceLoader] [39m[32mTypeOrmModule dependencies initialized[39m[38;5;3m +0ms[39m
[32m[Nest] 20402   - [39m03/29/2020, 8:18:58 PM   [38;5;3m[InstanceLoader] [39m[32mLocationModule dependencies initialized[39m[38;5;3m +11ms[39m
[32m[Nest] 20402   - [39m03/29/2020, 8:18:58 PM   [38;5;3m[InstanceLoader] [39m[32mHotelModule dependencies initialized[39m[38;5;3m +1ms[39m
[32m[Nest] 20402   - [39m03/29/2020, 8:18:58 PM   [38;5;3m[InstanceLoader] [39m[32mReviewModule dependencies initialized[39m[38;5;3m +0ms[39m
[32m[Nest] 20402   - [39m03/29/2020, 8:18:58 PM   [38;5;3m[InstanceLoader] [39m[32mAppModule dependencies initialized[39m[38;5;3m +1ms[39m
[32m[Nest] 20402   - [39m03/29/2020, 8:18:58 PM   [38;5;3m[RoutesResolver] [39m[32mAppController {/}:[39m[38;5;3m +106ms[39m
[32m[Nest] 20402   - [39m03/29/2020, 8:18:58 PM   [38;5;3m[RouterExplorer] [39m[32mMapped {/, GET} route[39m[38;5;3m +3ms[39m
[32m[Nest] 20402   - [39m03/29/2020, 8:18:58 PM   [38;5;3m[RoutesResolver] [39m[32mHotelController {/api/v1/spider/hotel}:[39m[38;5;3m +1ms[39m
[32m[Nest] 20402   - [39m03/29/2020, 8:18:58 PM   [38;5;3m[RouterExplorer] [39m[32mMapped {/, POST} route[39m[38;5;3m +2ms[39m
[32m[Nest] 20402   - [39m03/29/2020, 8:18:58 PM   [38;5;3m[RouterExplorer] [39m[32mMapped {/:id, GET} route[39m[38;5;3m +1ms[39m
[32m[Nest] 20402   - [39m03/29/2020, 8:18:58 PM   [38;5;3m[RouterExplorer] [39m[32mMapped {/crawl, GET} route[39m[38;5;3m +0ms[39m
[32m[Nest] 20402   - [39m03/29/2020, 8:18:58 PM   [38;5;3m[RoutesResolver] [39m[32mLocationController {/location}:[39m[38;5;3m +1ms[39m
[32m[Nest] 20402   - [39m03/29/2020, 8:18:58 PM   [38;5;3m[RouterExplorer] [39m[32mMapped {/, GET} route[39m[38;5;3m +1ms[39m
[32m[Nest] 20402   - [39m03/29/2020, 8:18:58 PM   [38;5;3m[RoutesResolver] [39m[32mReviewController {/api/v1/spider/review}:[39m[38;5;3m +0ms[39m
[32m[Nest] 20402   - [39m03/29/2020, 8:18:58 PM   [38;5;3m[RouterExplorer] [39m[32mMapped {/test, GET} route[39m[38;5;3m +1ms[39m
[32m[Nest] 20402   - [39m03/29/2020, 8:18:58 PM   [38;5;3m[NestApplication] [39m[32mNest application successfully started[39m[38;5;3m +5ms[39m

> tripadvisor-crawler-apify-parser@0.0.1 start /home/mygetzu/projects/holly-crawler-parser-node
> ts-node -r tsconfig-paths/register src/main.ts

[32m[Nest] 20496   - [39m03/29/2020, 8:23:54 PM   [38;5;3m[NestFactory] [39m[32mStarting Nest application...[39m
[32m[Nest] 20496   - [39m03/29/2020, 8:23:54 PM   [38;5;3m[InstanceLoader] [39m[32mConfigModule dependencies initialized[39m[38;5;3m +194ms[39m
[32m[Nest] 20496   - [39m03/29/2020, 8:23:54 PM   [38;5;3m[InstanceLoader] [39m[32mTypeOrmModule dependencies initialized[39m[38;5;3m +1ms[39m
[32m[Nest] 20496   - [39m03/29/2020, 8:23:54 PM   [38;5;3m[InstanceLoader] [39m[32mScheduleModule dependencies initialized[39m[38;5;3m +0ms[39m
[32m[Nest] 20496   - [39m03/29/2020, 8:23:54 PM   [38;5;3m[InstanceLoader] [39m[32mDatabaseModule dependencies initialized[39m[38;5;3m +1ms[39m
[32m[Nest] 20496   - [39m03/29/2020, 8:23:54 PM   [38;5;3m[InstanceLoader] [39m[32mKafkaModule dependencies initialized[39m[38;5;3m +0ms[39m
[32m[Nest] 20496   - [39m03/29/2020, 8:23:54 PM   [38;5;3m[InstanceLoader] [39m[32mCustomConfigModule dependencies initialized[39m[38;5;3m +1ms[39m
[32m[Nest] 20496   - [39m03/29/2020, 8:23:54 PM   [38;5;3m[InstanceLoader] [39m[32mHttpModule dependencies initialized[39m[38;5;3m +0ms[39m
[32m[Nest] 20496   - [39m03/29/2020, 8:23:55 PM   [38;5;3m[InstanceLoader] [39m[32mHttpModule dependencies initialized[39m[38;5;3m +2ms[39m
[32m[Nest] 20496   - [39m03/29/2020, 8:23:55 PM   [38;5;3m[InstanceLoader] [39m[32mHttpModule dependencies initialized[39m[38;5;3m +0ms[39m
[32m[Nest] 20496   - [39m03/29/2020, 8:23:55 PM   [38;5;3m[InstanceLoader] [39m[32mApiModule dependencies initialized[39m[38;5;3m +1ms[39m
[32m[Nest] 20496   - [39m03/29/2020, 8:23:55 PM   [38;5;3m[InstanceLoader] [39m[32mTypeOrmCoreModule dependencies initialized[39m[38;5;3m +77ms[39m
[32m[Nest] 20496   - [39m03/29/2020, 8:23:55 PM   [38;5;3m[InstanceLoader] [39m[32mTypeOrmModule dependencies initialized[39m[38;5;3m +1ms[39m
[32m[Nest] 20496   - [39m03/29/2020, 8:23:55 PM   [38;5;3m[InstanceLoader] [39m[32mTypeOrmModule dependencies initialized[39m[38;5;3m +0ms[39m
[32m[Nest] 20496   - [39m03/29/2020, 8:23:55 PM   [38;5;3m[InstanceLoader] [39m[32mTypeOrmModule dependencies initialized[39m[38;5;3m +1ms[39m
[32m[Nest] 20496   - [39m03/29/2020, 8:23:55 PM   [38;5;3m[InstanceLoader] [39m[32mLocationModule dependencies initialized[39m[38;5;3m +9ms[39m
[32m[Nest] 20496   - [39m03/29/2020, 8:23:55 PM   [38;5;3m[InstanceLoader] [39m[32mHotelModule dependencies initialized[39m[38;5;3m +1ms[39m
[32m[Nest] 20496   - [39m03/29/2020, 8:23:55 PM   [38;5;3m[InstanceLoader] [39m[32mReviewModule dependencies initialized[39m[38;5;3m +0ms[39m
[32m[Nest] 20496   - [39m03/29/2020, 8:23:55 PM   [38;5;3m[InstanceLoader] [39m[32mAppModule dependencies initialized[39m[38;5;3m +1ms[39m
[32m[Nest] 20496   - [39m03/29/2020, 8:23:55 PM   [38;5;3m[RoutesResolver] [39m[32mAppController {/}:[39m[38;5;3m +100ms[39m
[32m[Nest] 20496   - [39m03/29/2020, 8:23:55 PM   [38;5;3m[RouterExplorer] [39m[32mMapped {/, GET} route[39m[38;5;3m +3ms[39m
[32m[Nest] 20496   - [39m03/29/2020, 8:23:55 PM   [38;5;3m[RoutesResolver] [39m[32mHotelController {/api/v1/spider/hotel}:[39m[38;5;3m +1ms[39m
[32m[Nest] 20496   - [39m03/29/2020, 8:23:55 PM   [38;5;3m[RouterExplorer] [39m[32mMapped {/, POST} route[39m[38;5;3m +1ms[39m
[32m[Nest] 20496   - [39m03/29/2020, 8:23:55 PM   [38;5;3m[RouterExplorer] [39m[32mMapped {/:id, GET} route[39m[38;5;3m +1ms[39m
[32m[Nest] 20496   - [39m03/29/2020, 8:23:55 PM   [38;5;3m[RouterExplorer] [39m[32mMapped {/crawl, GET} route[39m[38;5;3m +1ms[39m
[32m[Nest] 20496   - [39m03/29/2020, 8:23:55 PM   [38;5;3m[RoutesResolver] [39m[32mLocationController {/location}:[39m[38;5;3m +0ms[39m
[32m[Nest] 20496   - [39m03/29/2020, 8:23:55 PM   [38;5;3m[RouterExplorer] [39m[32mMapped {/, GET} route[39m[38;5;3m +1ms[39m
[32m[Nest] 20496   - [39m03/29/2020, 8:23:55 PM   [38;5;3m[RoutesResolver] [39m[32mReviewController {/api/v1/spider/review}:[39m[38;5;3m +0ms[39m
[32m[Nest] 20496   - [39m03/29/2020, 8:23:55 PM   [38;5;3m[RouterExplorer] [39m[32mMapped {/test, GET} route[39m[38;5;3m +1ms[39m
[32m[Nest] 20496   - [39m03/29/2020, 8:23:55 PM   [38;5;3m[NestApplication] [39m[32mNest application successfully started[39m[38;5;3m +5ms[39m
Error: listen EADDRINUSE :::8082
    at Object._errnoException (util.js:1022:11)
    at _exceptionWithHostPort (util.js:1044:20)
    at Server.setupListenHandle [as _listen2] (net.js:1367:14)
    at listenInCluster (net.js:1408:12)
    at Server.listen (net.js:1492:7)
    at ExpressAdapter.listen (/home/mygetzu/projects/holly-crawler-parser-node/node_modules/@nestjs/platform-express/adapters/express-adapter.js:44:32)
    at NestApplication.listen (/home/mygetzu/projects/holly-crawler-parser-node/node_modules/@nestjs/core/nest-application.js:140:26)
    at <anonymous>
    at process._tickDomainCallback (internal/process/next_tick.js:228:7)

npm ERR! Linux 5.0.0-1033-gcp
npm ERR! argv "/usr/bin/node" "/usr/bin/npm" "run" "start"
npm ERR! node v8.10.0
npm ERR! npm  v3.5.2
npm ERR! code ELIFECYCLE
npm ERR! tripadvisor-crawler-apify-parser@0.0.1 start: `ts-node -r tsconfig-paths/register src/main.ts`
npm ERR! Exit status 1
npm ERR! 
npm ERR! Failed at the tripadvisor-crawler-apify-parser@0.0.1 start script 'ts-node -r tsconfig-paths/register src/main.ts'.
npm ERR! Make sure you have the latest version of node.js and npm installed.
npm ERR! If you do, this is most likely a problem with the tripadvisor-crawler-apify-parser package,
npm ERR! not with npm itself.
npm ERR! Tell the author that this fails on your system:
npm ERR!     ts-node -r tsconfig-paths/register src/main.ts
npm ERR! You can get information on how to open an issue for this project with:
npm ERR!     npm bugs tripadvisor-crawler-apify-parser
npm ERR! Or if that isn't available, you can get their info via:
npm ERR!     npm owner ls tripadvisor-crawler-apify-parser
npm ERR! There is likely additional logging output above.

npm ERR! Please include the following file with any support request:
npm ERR!     /home/mygetzu/projects/holly-crawler-parser-node/npm-debug.log
=============== Start Crawling Hotel List ===============
Killed
